<?xml version="1.0" encoding="UTF-8"?>
<testng-results skipped="0" failed="0" total="1" passed="1">
  <reporter-output>
  </reporter-output>
  <suite name="Default suite" duration-ms="41864" started-at="2021-06-05T07:12:41Z" finished-at="2021-06-05T07:13:23Z">
    <groups>
    </groups>
    <test name="Default test" duration-ms="41864" started-at="2021-06-05T07:12:41Z" finished-at="2021-06-05T07:13:23Z">
      <class name="Test.Wingify.HomePage">
        <test-method status="PASS" signature="HomepageNav()[pri:0, instance:Test.Wingify.HomePage@724af044]" name="HomepageNav" duration-ms="41813" started-at="2021-06-05T12:42:41Z" finished-at="2021-06-05T12:43:23Z">
          <reporter-output>
          </reporter-output>
        </test-method> <!-- HomepageNav -->
      </class> <!-- Test.Wingify.HomePage -->
    </test> <!-- Default test -->
  </suite> <!-- Default suite -->
</testng-results>
